2021-09-29T09:09:58+00:00 CRITICAL Uncaught ArgumentCountError: Too few arguments to function register_nav_menu(), 1 passed in /opt/lampp/htdocs/icone_new/cordel/wp-content/themes/cordel/functions.php on line 61 and exactly 2 expected in /opt/lampp/htdocs/icone_new/cordel/wp-includes/nav-menu.php:136
Stack trace:
#0 /opt/lampp/htdocs/icone_new/cordel/wp-content/themes/cordel/functions.php(61): register_nav_menu(Array)
#1 /opt/lampp/htdocs/icone_new/cordel/wp-includes/class-wp-hook.php(303): fanzoca_cordel_config('')
#2 /opt/lampp/htdocs/icone_new/cordel/wp-includes/class-wp-hook.php(327): WP_Hook->apply_filters('', Array)
#3 /opt/lampp/htdocs/icone_new/cordel/wp-includes/plugin.php(470): WP_Hook->do_action(Array)
#4 /opt/lampp/htdocs/icone_new/cordel/wp-settings.php(556): do_action('after_setup_the...')
#5 /opt/lampp/htdocs/icone_new/cordel/wp-config.php(95): require_once('/opt/lampp/htdo...')
#6 /opt/lampp/htdocs/icone_new/cordel/wp-load.php(50): require_once('/opt/lampp/htdo...')
#7 /opt/lampp/htdocs/icone_new/cordel/wp-admin/admin-ajax.php( in /opt/lampp/htdocs/icone_new/cordel/wp-includes/nav-menu.php on line 136

2021-09-29T09:11:37+00:00 CRITICAL Uncaught ArgumentCountError: Too few arguments to function register_nav_menu(), 1 passed in /opt/lampp/htdocs/icone_new/cordel/wp-content/themes/cordel/functions.php on line 61 and exactly 2 expected in /opt/lampp/htdocs/icone_new/cordel/wp-includes/nav-menu.php:136
Stack trace:
#0 /opt/lampp/htdocs/icone_new/cordel/wp-content/themes/cordel/functions.php(61): register_nav_menu(Array)
#1 /opt/lampp/htdocs/icone_new/cordel/wp-includes/class-wp-hook.php(303): fanzoca_cordel_config('')
#2 /opt/lampp/htdocs/icone_new/cordel/wp-includes/class-wp-hook.php(327): WP_Hook->apply_filters('', Array)
#3 /opt/lampp/htdocs/icone_new/cordel/wp-includes/plugin.php(470): WP_Hook->do_action(Array)
#4 /opt/lampp/htdocs/icone_new/cordel/wp-settings.php(556): do_action('after_setup_the...')
#5 /opt/lampp/htdocs/icone_new/cordel/wp-config.php(95): require_once('/opt/lampp/htdo...')
#6 /opt/lampp/htdocs/icone_new/cordel/wp-load.php(50): require_once('/opt/lampp/htdo...')
#7 /opt/lampp/htdocs/icone_new/cordel/wp-admin/admin-ajax.php( in /opt/lampp/htdocs/icone_new/cordel/wp-includes/nav-menu.php on line 136

2021-09-29T09:11:39+00:00 CRITICAL Uncaught ArgumentCountError: Too few arguments to function register_nav_menu(), 1 passed in /opt/lampp/htdocs/icone_new/cordel/wp-content/themes/cordel/functions.php on line 61 and exactly 2 expected in /opt/lampp/htdocs/icone_new/cordel/wp-includes/nav-menu.php:136
Stack trace:
#0 /opt/lampp/htdocs/icone_new/cordel/wp-content/themes/cordel/functions.php(61): register_nav_menu(Array)
#1 /opt/lampp/htdocs/icone_new/cordel/wp-includes/class-wp-hook.php(303): fanzoca_cordel_config('')
#2 /opt/lampp/htdocs/icone_new/cordel/wp-includes/class-wp-hook.php(327): WP_Hook->apply_filters('', Array)
#3 /opt/lampp/htdocs/icone_new/cordel/wp-includes/plugin.php(470): WP_Hook->do_action(Array)
#4 /opt/lampp/htdocs/icone_new/cordel/wp-settings.php(556): do_action('after_setup_the...')
#5 /opt/lampp/htdocs/icone_new/cordel/wp-config.php(95): require_once('/opt/lampp/htdo...')
#6 /opt/lampp/htdocs/icone_new/cordel/wp-load.php(50): require_once('/opt/lampp/htdo...')
#7 /opt/lampp/htdocs/icone_new/cordel/wp-admin/admin.php(34):  in /opt/lampp/htdocs/icone_new/cordel/wp-includes/nav-menu.php on line 136

